<?xml version="1.0" encoding="UTF-8"?>
<!-- Generated by org.testng.reporters.JUnitReportReporter -->
<testsuite hostname="LAPTOP-HQ9NUF13" failures="0" tests="2" name="com.testngpractice.dataProvider" time="0.007" errors="0" timestamp="2021-08-15T16:03:28 IST" skipped="0">
  <testcase classname="com.testngpractice.dataProvider" name="loginTest" time="0.006"/>
  <system-out/>
  <testcase classname="com.testngpractice.dataProvider" name="loginTest" time="0.001"/>
  <system-out/>
</testsuite> <!-- com.testngpractice.dataProvider -->
