<?xml version="1.0" encoding="UTF-8"?>
<!-- Generated by org.testng.reporters.JUnitReportReporter -->
<testsuite hostname="LAPTOP-HQ9NUF13" failures="0" tests="1" name="com.exceldataReadWrite.ReadData" time="1.826" errors="0" timestamp="2020-09-11T11:43:44 IST" skipped="0">
  <testcase classname="com.exceldataReadWrite.ReadData" name="excelReadData" time="1.826"/>
  <system-out/>
</testsuite> <!-- com.exceldataReadWrite.ReadData -->
