<?xml version="1.0" encoding="UTF-8"?>
<!-- Generated by org.testng.reporters.JUnitReportReporter -->
<testsuite hostname="LAPTOP-HQ9NUF13" failures="0" tests="2" name="com.testngpractice.testNGbasics2" time="0.003" errors="0" timestamp="2020-09-09T20:26:38 IST" skipped="0">
  <testcase classname="com.testngpractice.testNGbasics2" name="googleSerachTest" time="0.002"/>
  <system-out/>
  <testcase classname="com.testngpractice.testNGbasics2" name="googleTitleTest" time="0.001"/>
  <system-out/>
</testsuite> <!-- com.testngpractice.testNGbasics2 -->
