<?xml version="1.0" encoding="UTF-8"?>
<!-- Generated by org.testng.reporters.JUnitReportReporter -->
<testsuite hostname="LAPTOP-HQ9NUF13" failures="0" tests="3" name="com.testngpractice.testNGbasics" time="0.053" errors="0" timestamp="2020-09-09T20:26:38 IST" skipped="0">
  <testcase classname="com.testngpractice.testNGbasics" name="googleiTest" time="0.046"/>
  <system-out/>
  <testcase classname="com.testngpractice.testNGbasics" name="googletitleTest" time="0.004"/>
  <system-out/>
  <testcase classname="com.testngpractice.testNGbasics" name="googleserachTest" time="0.003"/>
  <system-out/>
</testsuite> <!-- com.testngpractice.testNGbasics -->
