<?xml version="1.0" encoding="UTF-8"?>
<!-- Generated by org.testng.reporters.JUnitReportReporter -->
<testsuite hostname="LAPTOP-HQ9NUF13" failures="0" tests="1" name="com.herokuapp.theinternet.PositiveTests" time="17.883" errors="0" timestamp="17 Aug 2020 05:04:37 GMT" skipped="0">
  <testcase classname="com.herokuapp.theinternet.PositiveTests" name="loginTest" time="17.883"/>
</testsuite> <!-- com.herokuapp.theinternet.PositiveTests -->
